# JRE version: Java(TM) SE Runtime Environment (8.0_172-b11) (build 1.8.0_172-b11)
# Java VM: Java HotSpot(TM) 64-Bit Server VM (25.172-b11 mixed mode linux-amd64 compressed oops)
Heap:
 PSYoungGen      total 441856K, used 0K [0x00000000d7000000, 0x00000000ffa00000, 0x0000000100000000)
  eden space 224256K, 0% used [0x00000000d7000000,0x00000000d7000000,0x00000000e4b00000)
  from space 217600K, 0% used [0x00000000f2580000,0x00000000f2580000,0x00000000ffa00000)
  to   space 220672K, 0% used [0x00000000e4b00000,0x00000000e4b00000,0x00000000f2280000)
 ParOldGen       total 1160192K, used 381046K [0x0000000085000000, 0x00000000cbd00000, 0x00000000d7000000)
  object space 1160192K, 32% used [0x0000000085000000,0x000000009c41dbd8,0x00000000cbd00000)
 Metaspace       used 4952K, capacity 5218K, committed 6272K, reserved 1056768K
  class space    used 531K, capacity 607K, committed 896K, reserved 1048576K
GC Heap History (10 events):
Event: 4452,978 GC heap after
Heap after GC invocations=618 (full 40):
 PSYoungGen      total 448000K, used 86784K [0x00000000d7000000, 0x0000000100000000, 0x0000000100000000)
  eden space 224256K, 0% used [0x00000000d7000000,0x00000000d7000000,0x00000000e4b00000)
  from space 223744K, 38% used [0x00000000f2580000,0x00000000f7a40000,0x0000000100000000)
  to   space 223744K, 0% used [0x00000000e4b00000,0x00000000e4b00000,0x00000000f2580000)
 ParOldGen       total 1160192K, used 949814K [0x0000000085000000, 0x00000000cbd00000, 0x00000000d7000000)
  object space 1160192K, 81% used [0x0000000085000000,0x00000000bef8d988,0x00000000cbd00000)
 Metaspace       used 4952K, capacity 5218K, committed 6272K, reserved 1056768K
  class space    used 531K, capacity 607K, committed 896K, reserved 1048576K
}
Event: 4460,549 GC heap before
{Heap before GC invocations=619 (full 40):
 PSYoungGen      total 448000K, used 311040K [0x00000000d7000000, 0x0000000100000000, 0x0000000100000000)
  eden space 224256K, 100% used [0x00000000d7000000,0x00000000e4b00000,0x00000000e4b00000)
  from space 223744K, 38% used [0x00000000f2580000,0x00000000f7a40000,0x0000000100000000)
  to   space 223744K, 0% used [0x00000000e4b00000,0x00000000e4b00000,0x00000000f2580000)
 ParOldGen       total 1160192K, used 949814K [0x0000000085000000, 0x00000000cbd00000, 0x00000000d7000000)
  object space 1160192K, 81% used [0x0000000085000000,0x00000000bef8d988,0x00000000cbd00000)
 Metaspace       used 4952K, capacity 5218K, committed 6272K, reserved 1056768K
  class space    used 531K, capacity 607K, committed 896K, reserved 1048576K
Event: 4472,997 GC heap after
Heap after GC invocations=619 (full 40):
 PSYoungGen      total 448000K, used 75680K [0x00000000d7000000, 0x0000000100000000, 0x0000000100000000)
  eden space 224256K, 0% used [0x00000000d7000000,0x00000000d7000000,0x00000000e4b00000)
  from space 223744K, 33% used [0x00000000e4b00000,0x00000000e94e8000,0x00000000f2580000)
  to   space 223744K, 0% used [0x00000000f2580000,0x00000000f2580000,0x0000000100000000)
 ParOldGen       total 1160192K, used 991561K [0x0000000085000000, 0x00000000cbd00000, 0x00000000d7000000)
  object space 1160192K, 85% used [0x0000000085000000,0x00000000c18525c0,0x00000000cbd00000)
 Metaspace       used 4952K, capacity 5218K, committed 6272K, reserved 1056768K
  class space    used 531K, capacity 607K, committed 896K, reserved 1048576K
}
Event: 4481,144 GC heap before
{Heap before GC invocations=620 (full 40):
 PSYoungGen      total 448000K, used 299936K [0x00000000d7000000, 0x0000000100000000, 0x0000000100000000)
  eden space 224256K, 100% used [0x00000000d7000000,0x00000000e4b00000,0x00000000e4b00000)
  from space 223744K, 33% used [0x00000000e4b00000,0x00000000e94e8000,0x00000000f2580000)
  to   space 223744K, 0% used [0x00000000f2580000,0x00000000f2580000,0x0000000100000000)
 ParOldGen       total 1160192K, used 991561K [0x0000000085000000, 0x00000000cbd00000, 0x00000000d7000000)
  object space 1160192K, 85% used [0x0000000085000000,0x00000000c18525c0,0x00000000cbd00000)
 Metaspace       used 4952K, capacity 5218K, committed 6272K, reserved 1056768K
  class space    used 531K, capacity 607K, committed 896K, reserved 1048576K
Event: 4490,541 GC heap after
Heap after GC invocations=620 (full 40):
 PSYoungGen      total 448000K, used 78240K [0x00000000d7000000, 0x0000000100000000, 0x0000000100000000)
  eden space 224256K, 0% used [0x00000000d7000000,0x00000000d7000000,0x00000000e4b00000)
  from space 223744K, 34% used [0x00000000f2580000,0x00000000f71e8000,0x0000000100000000)
  to   space 223744K, 0% used [0x00000000e4b00000,0x00000000e4b00000,0x00000000f2580000)
 ParOldGen       total 1160192K, used 1033927K [0x0000000085000000, 0x00000000cbd00000, 0x00000000d7000000)
  object space 1160192K, 89% used [0x0000000085000000,0x00000000c41b1f70,0x00000000cbd00000)
 Metaspace       used 4952K, capacity 5218K, committed 6272K, reserved 1056768K
  class space    used 531K, capacity 607K, committed 896K, reserved 1048576K
}
Event: 4498,018 GC heap before
{Heap before GC invocations=621 (full 40):
 PSYoungGen      total 448000K, used 302496K [0x00000000d7000000, 0x0000000100000000, 0x0000000100000000)
  eden space 224256K, 100% used [0x00000000d7000000,0x00000000e4b00000,0x00000000e4b00000)
  from space 223744K, 34% used [0x00000000f2580000,0x00000000f71e8000,0x0000000100000000)
  to   space 223744K, 0% used [0x00000000e4b00000,0x00000000e4b00000,0x00000000f2580000)
 ParOldGen       total 1160192K, used 1033927K [0x0000000085000000, 0x00000000cbd00000, 0x00000000d7000000)
  object space 1160192K, 89% used [0x0000000085000000,0x00000000c41b1f70,0x00000000cbd00000)
 Metaspace       used 4952K, capacity 5218K, committed 6272K, reserved 1056768K
  class space    used 531K, capacity 607K, committed 896K, reserved 1048576K
Event: 4537,357 GC heap after
Heap after GC invocations=621 (full 40):
 PSYoungGen      total 448000K, used 88640K [0x00000000d7000000, 0x0000000100000000, 0x0000000100000000)
  eden space 224256K, 0% used [0x00000000d7000000,0x00000000d7000000,0x00000000e4b00000)
  from space 223744K, 39% used [0x00000000e4b00000,0x00000000ea190000,0x00000000f2580000)
  to   space 223744K, 0% used [0x00000000f2580000,0x00000000f2580000,0x0000000100000000)
 ParOldGen       total 1160192K, used 1078768K [0x0000000085000000, 0x00000000cbd00000, 0x00000000d7000000)
  object space 1160192K, 92% used [0x0000000085000000,0x00000000c6d7c3b0,0x00000000cbd00000)
 Metaspace       used 4952K, capacity 5218K, committed 6272K, reserved 1056768K
  class space    used 531K, capacity 607K, committed 896K, reserved 1048576K
}
Event: 4623,372 GC heap before
{Heap before GC invocations=622 (full 40):
 PSYoungGen      total 448000K, used 312896K [0x00000000d7000000, 0x0000000100000000, 0x0000000100000000)
  eden space 224256K, 100% used [0x00000000d7000000,0x00000000e4b00000,0x00000000e4b00000)
  from space 223744K, 39% used [0x00000000e4b00000,0x00000000ea190000,0x00000000f2580000)
  to   space 223744K, 0% used [0x00000000f2580000,0x00000000f2580000,0x0000000100000000)
 ParOldGen       total 1160192K, used 1078768K [0x0000000085000000, 0x00000000cbd00000, 0x00000000d7000000)
  object space 1160192K, 92% used [0x0000000085000000,0x00000000c6d7c3b0,0x00000000cbd00000)
 Metaspace       used 4952K, capacity 5218K, committed 6272K, reserved 1056768K
  class space    used 531K, capacity 607K, committed 896K, reserved 1048576K
Event: 4822,494 GC heap after
Heap after GC invocations=622 (full 40):
 PSYoungGen      total 441856K, used 80064K [0x00000000d7000000, 0x00000000ffa00000, 0x0000000100000000)
  eden space 224256K, 0% used [0x00000000d7000000,0x00000000d7000000,0x00000000e4b00000)
  from space 217600K, 36% used [0x00000000f2580000,0x00000000f73b0000,0x00000000ffa00000)
  to   space 220672K, 0% used [0x00000000e4b00000,0x00000000e4b00000,0x00000000f2280000)
 ParOldGen       total 1160192K, used 1097548K [0x0000000085000000, 0x00000000cbd00000, 0x00000000d7000000)
  object space 1160192K, 94% used [0x0000000085000000,0x00000000c7fd3120,0x00000000cbd00000)
 Metaspace       used 4952K, capacity 5218K, committed 6272K, reserved 1056768K
  class space    used 531K, capacity 607K, committed 896K, reserved 1048576K
}
Event: 4825,966 GC heap before
{Heap before GC invocations=623 (full 41):
 PSYoungGen      total 441856K, used 80064K [0x00000000d7000000, 0x00000000ffa00000, 0x0000000100000000)
  eden space 224256K, 0% used [0x00000000d7000000,0x00000000d7000000,0x00000000e4b00000)
  from space 217600K, 36% used [0x00000000f2580000,0x00000000f73b0000,0x00000000ffa00000)
  to   space 220672K, 0% used [0x00000000e4b00000,0x00000000e4b00000,0x00000000f2280000)
 ParOldGen       total 1160192K, used 1097548K [0x0000000085000000, 0x00000000cbd00000, 0x00000000d7000000)
  object space 1160192K, 94% used [0x0000000085000000,0x00000000c7fd3120,0x00000000cbd00000)
 Metaspace       used 4952K, capacity 5218K, committed 6272K, reserved 1056768K
  class space    used 531K, capacity 607K, committed 896K, reserved 1048576K

